{"level":"info","message":"Connect to MongoDB : mongodb://localhost/bookAPI","timestamp":"2016-11-05T09:30:05.164Z"}
{"level":"info","message":"Configure PostgreSQL : postgres://postgres:admin@localhost/authorapi","timestamp":"2016-11-05T09:30:05.175Z"}
{"level":"info","message":"Configure Routes...","timestamp":"2016-11-05T09:30:05.259Z"}
{"level":"error","message":"test error","timestamp":"2016-11-05T09:30:05.267Z"}
{"level":"warn","message":"test warning","timestamp":"2016-11-05T09:30:05.267Z"}
{"level":"info","message":"API running on port : 5000","timestamp":"2016-11-05T09:30:05.269Z"}
{"level":"info","message":"Connect to MongoDB : mongodb://localhost/bookAPI","timestamp":"2016-11-05 10:31:05"}
{"level":"info","message":"Configure PostgreSQL : postgres://postgres:admin@localhost/authorapi","timestamp":"2016-11-05 10:31:05"}
{"level":"info","message":"Configure Routes...","timestamp":"2016-11-05 10:31:05"}
{"level":"error","message":"test error","timestamp":"2016-11-05 10:31:05"}
{"level":"warn","message":"test warning","timestamp":"2016-11-05 10:31:05"}
{"level":"info","message":"API running on port : 5000","timestamp":"2016-11-05 10:31:05"}
{"level":"info","message":"Connect to MongoDB : mongodb://localhost/bookAPI","timestamp":"2016-11-05 10:31:18"}
{"level":"info","message":"Configure PostgreSQL : postgres://postgres:admin@localhost/authorapi","timestamp":"2016-11-05 10:31:18"}
{"level":"info","message":"Configure Routes...","timestamp":"2016-11-05 10:31:18"}
{"level":"error","message":"test error","timestamp":"2016-11-05 10:31:18"}
{"level":"warn","message":"test warning","timestamp":"2016-11-05 10:31:18"}
{"level":"info","message":"API running on port : 5000","timestamp":"2016-11-05 10:31:18"}
{"level":"info","message":"Connect to MongoDB : mongodb://localhost/bookAPI","timestamp":"2016-11-05T09:31:48.484Z"}
{"level":"info","message":"Configure PostgreSQL : postgres://postgres:admin@localhost/authorapi","timestamp":"2016-11-05T09:31:48.498Z"}
{"level":"info","message":"Configure Routes...","timestamp":"2016-11-05T09:31:48.665Z"}
{"level":"error","message":"test error","timestamp":"2016-11-05T09:31:48.676Z"}
{"level":"warn","message":"test warning","timestamp":"2016-11-05T09:31:48.676Z"}
{"level":"info","message":"API running on port : 5000","timestamp":"2016-11-05T09:31:48.677Z"}
{"level":"info","message":"Connect to MongoDB : mongodb://localhost/bookAPI","timestamp":"2016-11-05 10:32:51"}
{"level":"info","message":"Configure PostgreSQL : postgres://postgres:admin@localhost/authorapi","timestamp":"2016-11-05 10:32:51"}
{"level":"info","message":"Configure Routes...","timestamp":"2016-11-05 10:32:51"}
{"level":"error","message":"test error","timestamp":"2016-11-05 10:32:51"}
{"level":"warn","message":"test warning","timestamp":"2016-11-05 10:32:51"}
{"level":"info","message":"API running on port : 5000","timestamp":"2016-11-05 10:32:51"}
{"level":"info","message":"Connect to MongoDB : mongodb://localhost/bookAPI","timestamp":"2016-11-05 10:33:05"}
{"level":"info","message":"Configure PostgreSQL : postgres://postgres:admin@localhost/authorapi","timestamp":"2016-11-05 10:33:05"}
{"level":"info","message":"Configure Routes...","timestamp":"2016-11-05 10:33:05"}
{"level":"error","message":"test error","timestamp":"2016-11-05 10:33:05"}
{"level":"warn","message":"test warning","timestamp":"2016-11-05 10:33:05"}
{"level":"info","message":"API running on port : 5000","timestamp":"2016-11-05 10:33:05"}
{"url":"/58175e7997c38915bcfd1309","book":{"_id":{"_bsontype":"ObjectID","id":{"0":88,"1":23,"2":94,"3":121,"4":151,"5":195,"6":137,"7":21,"8":188,"9":253,"10":19,"11":9}},"title":"Les misérables","author":"Victor Hugo","genre":"Historical","__v":0,"read":true,"links":{"filterByGenre":"http://localhost:5000/api/books/?genre=Historical"}},"level":"info","message":"Get a book by id!","timestamp":"2016-11-05 10:36:12"}
{"url":"/58175e7997c38915bcfd1309","book":{"_id":{"_bsontype":"ObjectID","id":{"0":88,"1":23,"2":94,"3":121,"4":151,"5":195,"6":137,"7":21,"8":188,"9":253,"10":19,"11":9}},"title":"Les misérables","author":"Victor Hugo","genre":"Historical","__v":0,"read":true,"links":{"filterByGenre":"http://localhost:5000/api/books/?genre=Historical"}},"level":"info","message":"Get a book by id!","timestamp":"2016-11-05 10:36:12"}
{"url":"/58175e7997c38915bcfd1309","book":{"_id":{"_bsontype":"ObjectID","id":{"0":88,"1":23,"2":94,"3":121,"4":151,"5":195,"6":137,"7":21,"8":188,"9":253,"10":19,"11":9}},"title":"Les misérables","author":"Victor Hugo","genre":"Historical","__v":0,"read":true,"links":{"filterByGenre":"http://localhost:5000/api/books/?genre=Historical"}},"level":"info","message":"Get a book by id!","timestamp":"2016-11-05 10:36:12"}
{"url":"/58175e7997c38915bcfd1309","book":{"_id":{"_bsontype":"ObjectID","id":{"0":88,"1":23,"2":94,"3":121,"4":151,"5":195,"6":137,"7":21,"8":188,"9":253,"10":19,"11":9}},"title":"Les misérables","author":"Victor Hugo","genre":"Historical","__v":0,"read":true,"links":{"filterByGenre":"http://localhost:5000/api/books/?genre=Historical"}},"level":"info","message":"Get a book by id!","timestamp":"2016-11-05 10:36:12"}
{"url":"/58175e7997c38915bcfd1309","book":{"_id":{"_bsontype":"ObjectID","id":{"0":88,"1":23,"2":94,"3":121,"4":151,"5":195,"6":137,"7":21,"8":188,"9":253,"10":19,"11":9}},"title":"Les misérables","author":"Victor Hugo","genre":"Historical","__v":0,"read":true,"links":{"filterByGenre":"http://localhost:5000/api/books/?genre=Historical"}},"level":"info","message":"Get a book by id!","timestamp":"2016-11-05 10:36:13"}
{"level":"info","message":"Connect to MongoDB : mongodb://localhost/bookAPI","timestamp":"2016-11-05 10:38:07"}
{"level":"info","message":"Configure PostgreSQL : postgres://postgres:admin@localhost/authorapi","timestamp":"2016-11-05 10:38:07"}
{"level":"info","message":"Configure Routes...","timestamp":"2016-11-05 10:38:07"}
{"level":"error","message":"test error","timestamp":"2016-11-05 10:38:07"}
{"level":"warn","message":"test warning","timestamp":"2016-11-05 10:38:07"}
{"level":"info","message":"API running on port : 5000","timestamp":"2016-11-05 10:38:07"}
{"url":"/58175e7997c38915bcfd1309","book":{"_id":{"_bsontype":"ObjectID","id":{"0":88,"1":23,"2":94,"3":121,"4":151,"5":195,"6":137,"7":21,"8":188,"9":253,"10":19,"11":9}},"title":"Les misérables","author":"Victor Hugo","genre":"Historical","__v":0,"read":true,"links":{"filterByGenre":"http://localhost:5000/api/books/?genre=Historical"}},"level":"info","message":"Get a book by id!","timestamp":"2016-11-05 10:38:12"}
{"url":"/58175e7997c38915bcfd1309","book":{"_id":{"_bsontype":"ObjectID","id":{"0":88,"1":23,"2":94,"3":121,"4":151,"5":195,"6":137,"7":21,"8":188,"9":253,"10":19,"11":9}},"title":"Les misérables","author":"Victor Hugo","genre":"Historical","__v":0,"read":true,"links":{"filterByGenre":"http://localhost:5000/api/books/?genre=Historical"}},"level":"info","message":"Get a book by id!","timestamp":"2016-11-05 10:38:13"}
{"url":"/58175e7997c38915bcfd1309","book":{"_id":{"_bsontype":"ObjectID","id":{"0":88,"1":23,"2":94,"3":121,"4":151,"5":195,"6":137,"7":21,"8":188,"9":253,"10":19,"11":9}},"title":"Les misérables","author":"Victor Hugo","genre":"Historical","__v":0,"read":true,"links":{"filterByGenre":"http://localhost:5000/api/books/?genre=Historical"}},"level":"info","message":"Get a book by id!","timestamp":"2016-11-05 10:38:13"}
{"url":"/58175e7997c38915bcfd1309","book":{"_id":{"_bsontype":"ObjectID","id":{"0":88,"1":23,"2":94,"3":121,"4":151,"5":195,"6":137,"7":21,"8":188,"9":253,"10":19,"11":9}},"title":"Les misérables","author":"Victor Hugo","genre":"Historical","__v":0,"read":true,"links":{"filterByGenre":"http://localhost:5000/api/books/?genre=Historical"}},"level":"info","message":"Get a book by id!","timestamp":"2016-11-05 10:38:13"}
{"url":"/58175e7997c38915bcfd1309","book":{"_id":{"_bsontype":"ObjectID","id":{"0":88,"1":23,"2":94,"3":121,"4":151,"5":195,"6":137,"7":21,"8":188,"9":253,"10":19,"11":9}},"title":"Les misérables","author":"Victor Hugo","genre":"Historical","__v":0,"read":true,"links":{"filterByGenre":"http://localhost:5000/api/books/?genre=Historical"}},"level":"info","message":"Get a book by id!","timestamp":"2016-11-05 10:38:13"}
